<?xml version="1.0" encoding="UTF-8"?>
<!-- Generated by org.testng.reporters.JUnitReportReporter -->
<testsuite hostname="Rizwan" failures="0" tests="6" name="DynamicJson" time="2.469" errors="0" timestamp="2023-02-05T03:57:52 IST" skipped="0">
  <testcase classname="DynamicJson" name="deleteBook" time="0.141"/>
  <system-out/>
  <testcase classname="DynamicJson" name="deleteBook" time="0.122"/>
  <system-out/>
  <testcase classname="DynamicJson" name="addBook" time="0.132"/>
  <system-out/>
  <testcase classname="DynamicJson" name="addBook" time="1.827"/>
  <system-out/>
  <testcase classname="DynamicJson" name="deleteBook" time="0.116"/>
  <system-out/>
  <testcase classname="DynamicJson" name="addBook" time="0.131"/>
  <system-out/>
</testsuite> <!-- DynamicJson -->
